0 info it worked if it ends with ok
1 verbose cli [ 'node', '/usr/local/bin/npm', 'install', 'mocha-cli', '--save' ]
2 info using npm@2.11.2
3 info using node@v0.12.6
4 verbose install initial load of /Users/jaisonoh/WebstormProjects/speecher1.5/speecher/speecherServer/package.json
5 verbose installManyTop reading scoped package data from /Users/jaisonoh/WebstormProjects/speecher1.5/speecher/speecherServer/node_modules/abbrev/package.json
6 verbose installManyTop reading scoped package data from /Users/jaisonoh/WebstormProjects/speecher1.5/speecher/speecherServer/node_modules/accepts/package.json
7 verbose installManyTop reading scoped package data from /Users/jaisonoh/WebstormProjects/speecher1.5/speecher/speecherServer/node_modules/acorn/package.json
8 verbose installManyTop reading scoped package data from /Users/jaisonoh/WebstormProjects/speecher1.5/speecher/speecherServer/node_modules/acorn-globals/package.json
9 verbose installManyTop reading scoped package data from /Users/jaisonoh/WebstormProjects/speecher1.5/speecher/speecherServer/node_modules/after/package.json
10 verbose installManyTop reading scoped package data from /Users/jaisonoh/WebstormProjects/speecher1.5/speecher/speecherServer/node_modules/amdefine/package.json
11 verbose installManyTop reading scoped package data from /Users/jaisonoh/WebstormProjects/speecher1.5/speecher/speecherServer/node_modules/ansi-green/package.json
12 verbose installManyTop reading scoped package data from /Users/jaisonoh/WebstormProjects/speecher1.5/speecher/speecherServer/node_modules/ansi-regex/package.json
13 verbose installManyTop reading scoped package data from /Users/jaisonoh/WebstormProjects/speecher1.5/speecher/speecherServer/node_modules/ansi-styles/package.json
14 verbose installManyTop reading scoped package data from /Users/jaisonoh/WebstormProjects/speecher1.5/speecher/speecherServer/node_modules/ansi-wrap/package.json
15 verbose installManyTop reading scoped package data from /Users/jaisonoh/WebstormProjects/speecher1.5/speecher/speecherServer/node_modules/anymatch/package.json
16 verbose installManyTop reading scoped package data from /Users/jaisonoh/WebstormProjects/speecher1.5/speecher/speecherServer/node_modules/apparatus/package.json
17 verbose installManyTop reading scoped package data from /Users/jaisonoh/WebstormProjects/speecher1.5/speecher/speecherServer/node_modules/argparse/package.json
18 verbose installManyTop reading scoped package data from /Users/jaisonoh/WebstormProjects/speecher1.5/speecher/speecherServer/node_modules/arr-diff/package.json
19 verbose installManyTop reading scoped package data from /Users/jaisonoh/WebstormProjects/speecher1.5/speecher/speecherServer/node_modules/arr-flatten/package.json
20 verbose installManyTop reading scoped package data from /Users/jaisonoh/WebstormProjects/speecher1.5/speecher/speecherServer/node_modules/array-differ/package.json
21 verbose installManyTop reading scoped package data from /Users/jaisonoh/WebstormProjects/speecher1.5/speecher/speecherServer/node_modules/array-flatten/package.json
22 verbose installManyTop reading scoped package data from /Users/jaisonoh/WebstormProjects/speecher1.5/speecher/speecherServer/node_modules/array-slice/package.json
23 verbose installManyTop reading scoped package data from /Users/jaisonoh/WebstormProjects/speecher1.5/speecher/speecherServer/node_modules/array-union/package.json
24 verbose installManyTop reading scoped package data from /Users/jaisonoh/WebstormProjects/speecher1.5/speecher/speecherServer/node_modules/array-uniq/package.json
25 verbose installManyTop reading scoped package data from /Users/jaisonoh/WebstormProjects/speecher1.5/speecher/speecherServer/node_modules/array-unique/package.json
26 verbose installManyTop reading scoped package data from /Users/jaisonoh/WebstormProjects/speecher1.5/speecher/speecherServer/node_modules/arraybuffer.slice/package.json
27 verbose installManyTop reading scoped package data from /Users/jaisonoh/WebstormProjects/speecher1.5/speecher/speecherServer/node_modules/arrify/package.json
28 verbose installManyTop reading scoped package data from /Users/jaisonoh/WebstormProjects/speecher1.5/speecher/speecherServer/node_modules/asap/package.json
29 verbose installManyTop reading scoped package data from /Users/jaisonoh/WebstormProjects/speecher1.5/speecher/speecherServer/node_modules/asn1/package.json
30 verbose installManyTop reading scoped package data from /Users/jaisonoh/WebstormProjects/speecher1.5/speecher/speecherServer/node_modules/assert/package.json
31 verbose installManyTop reading scoped package data from /Users/jaisonoh/WebstormProjects/speecher1.5/speecher/speecherServer/node_modules/assert-plus/package.json
32 verbose installManyTop reading scoped package data from /Users/jaisonoh/WebstormProjects/speecher1.5/speecher/speecherServer/node_modules/async/package.json
33 verbose installManyTop reading scoped package data from /Users/jaisonoh/WebstormProjects/speecher1.5/speecher/speecherServer/node_modules/async-each/package.json
34 verbose installManyTop reading scoped package data from /Users/jaisonoh/WebstormProjects/speecher1.5/speecher/speecherServer/node_modules/aws-sign2/package.json
35 verbose installManyTop reading scoped package data from /Users/jaisonoh/WebstormProjects/speecher1.5/speecher/speecherServer/node_modules/backo2/package.json
36 verbose installManyTop reading scoped package data from /Users/jaisonoh/WebstormProjects/speecher1.5/speecher/speecherServer/node_modules/balanced-match/package.json
37 verbose installManyTop reading scoped package data from /Users/jaisonoh/WebstormProjects/speecher1.5/speecher/speecherServer/node_modules/base64-arraybuffer/package.json
38 verbose installManyTop reading scoped package data from /Users/jaisonoh/WebstormProjects/speecher1.5/speecher/speecherServer/node_modules/base64-url/package.json
39 verbose installManyTop reading scoped package data from /Users/jaisonoh/WebstormProjects/speecher1.5/speecher/speecherServer/node_modules/base64id/package.json
40 verbose installManyTop reading scoped package data from /Users/jaisonoh/WebstormProjects/speecher1.5/speecher/speecherServer/node_modules/basic-auth/package.json
41 verbose installManyTop reading scoped package data from /Users/jaisonoh/WebstormProjects/speecher1.5/speecher/speecherServer/node_modules/batch/package.json
42 verbose installManyTop reading scoped package data from /Users/jaisonoh/WebstormProjects/speecher1.5/speecher/speecherServer/node_modules/benchmark/package.json
43 verbose installManyTop reading scoped package data from /Users/jaisonoh/WebstormProjects/speecher1.5/speecher/speecherServer/node_modules/better-assert/package.json
44 verbose installManyTop reading scoped package data from /Users/jaisonoh/WebstormProjects/speecher1.5/speecher/speecherServer/node_modules/binary-extensions/package.json
45 verbose installManyTop reading scoped package data from /Users/jaisonoh/WebstormProjects/speecher1.5/speecher/speecherServer/node_modules/bindings/package.json
46 verbose installManyTop reading scoped package data from /Users/jaisonoh/WebstormProjects/speecher1.5/speecher/speecherServer/node_modules/bl/package.json
47 verbose installManyTop reading scoped package data from /Users/jaisonoh/WebstormProjects/speecher1.5/speecher/speecherServer/node_modules/blanket/package.json
48 verbose installManyTop reading scoped package data from /Users/jaisonoh/WebstormProjects/speecher1.5/speecher/speecherServer/node_modules/blob/package.json
49 verbose installManyTop reading scoped package data from /Users/jaisonoh/WebstormProjects/speecher1.5/speecher/speecherServer/node_modules/bluebird/package.json
50 verbose installManyTop reading scoped package data from /Users/jaisonoh/WebstormProjects/speecher1.5/speecher/speecherServer/node_modules/body-parser/package.json
51 verbose installManyTop reading scoped package data from /Users/jaisonoh/WebstormProjects/speecher1.5/speecher/speecherServer/node_modules/boom/package.json
52 verbose installManyTop reading scoped package data from /Users/jaisonoh/WebstormProjects/speecher1.5/speecher/speecherServer/node_modules/brace-expansion/package.json
53 verbose installManyTop reading scoped package data from /Users/jaisonoh/WebstormProjects/speecher1.5/speecher/speecherServer/node_modules/braces/package.json
54 verbose installManyTop reading scoped package data from /Users/jaisonoh/WebstormProjects/speecher1.5/speecher/speecherServer/node_modules/bson/package.json
55 verbose installManyTop reading scoped package data from /Users/jaisonoh/WebstormProjects/speecher1.5/speecher/speecherServer/node_modules/bufferutil/package.json
56 verbose installManyTop reading scoped package data from /Users/jaisonoh/WebstormProjects/speecher1.5/speecher/speecherServer/node_modules/builtin-modules/package.json
57 verbose installManyTop reading scoped package data from /Users/jaisonoh/WebstormProjects/speecher1.5/speecher/speecherServer/node_modules/bytes/package.json
58 verbose installManyTop reading scoped package data from /Users/jaisonoh/WebstormProjects/speecher1.5/speecher/speecherServer/node_modules/callsite/package.json
59 verbose installManyTop reading scoped package data from /Users/jaisonoh/WebstormProjects/speecher1.5/speecher/speecherServer/node_modules/camelcase/package.json
60 verbose installManyTop reading scoped package data from /Users/jaisonoh/WebstormProjects/speecher1.5/speecher/speecherServer/node_modules/camelcase-keys/package.json
61 verbose installManyTop reading scoped package data from /Users/jaisonoh/WebstormProjects/speecher1.5/speecher/speecherServer/node_modules/caseless/package.json
62 verbose installManyTop reading scoped package data from /Users/jaisonoh/WebstormProjects/speecher1.5/speecher/speecherServer/node_modules/chalk/package.json
63 verbose installManyTop reading scoped package data from /Users/jaisonoh/WebstormProjects/speecher1.5/speecher/speecherServer/node_modules/character-parser/package.json
64 verbose installManyTop reading scoped package data from /Users/jaisonoh/WebstormProjects/speecher1.5/speecher/speecherServer/node_modules/check-types/package.json
65 verbose installManyTop reading scoped package data from /Users/jaisonoh/WebstormProjects/speecher1.5/speecher/speecherServer/node_modules/chokidar/package.json
66 verbose installManyTop reading scoped package data from /Users/jaisonoh/WebstormProjects/speecher1.5/speecher/speecherServer/node_modules/clean-css/package.json
67 verbose installManyTop reading scoped package data from /Users/jaisonoh/WebstormProjects/speecher1.5/speecher/speecherServer/node_modules/cli/package.json
68 verbose installManyTop reading scoped package data from /Users/jaisonoh/WebstormProjects/speecher1.5/speecher/speecherServer/node_modules/coffee-script/package.json
69 verbose installManyTop reading scoped package data from /Users/jaisonoh/WebstormProjects/speecher1.5/speecher/speecherServer/node_modules/colors/package.json
70 verbose installManyTop reading scoped package data from /Users/jaisonoh/WebstormProjects/speecher1.5/speecher/speecherServer/node_modules/combined-stream/package.json
71 verbose installManyTop reading scoped package data from /Users/jaisonoh/WebstormProjects/speecher1.5/speecher/speecherServer/node_modules/commander/package.json
72 verbose installManyTop reading scoped package data from /Users/jaisonoh/WebstormProjects/speecher1.5/speecher/speecherServer/node_modules/component-bind/package.json
73 verbose installManyTop reading scoped package data from /Users/jaisonoh/WebstormProjects/speecher1.5/speecher/speecherServer/node_modules/component-emitter/package.json
74 verbose installManyTop reading scoped package data from /Users/jaisonoh/WebstormProjects/speecher1.5/speecher/speecherServer/node_modules/component-inherit/package.json
75 verbose installManyTop reading scoped package data from /Users/jaisonoh/WebstormProjects/speecher1.5/speecher/speecherServer/node_modules/concat-map/package.json
76 verbose installManyTop reading scoped package data from /Users/jaisonoh/WebstormProjects/speecher1.5/speecher/speecherServer/node_modules/connect/package.json
77 verbose installManyTop reading scoped package data from /Users/jaisonoh/WebstormProjects/speecher1.5/speecher/speecherServer/node_modules/console-browserify/package.json
78 verbose installManyTop reading scoped package data from /Users/jaisonoh/WebstormProjects/speecher1.5/speecher/speecherServer/node_modules/constantinople/package.json
79 verbose installManyTop reading scoped package data from /Users/jaisonoh/WebstormProjects/speecher1.5/speecher/speecherServer/node_modules/content-disposition/package.json
80 verbose installManyTop reading scoped package data from /Users/jaisonoh/WebstormProjects/speecher1.5/speecher/speecherServer/node_modules/content-type/package.json
81 verbose installManyTop reading scoped package data from /Users/jaisonoh/WebstormProjects/speecher1.5/speecher/speecherServer/node_modules/cookie/package.json
82 verbose installManyTop reading scoped package data from /Users/jaisonoh/WebstormProjects/speecher1.5/speecher/speecherServer/node_modules/cookie-parser/package.json
83 verbose installManyTop reading scoped package data from /Users/jaisonoh/WebstormProjects/speecher1.5/speecher/speecherServer/node_modules/cookie-signature/package.json
84 verbose installManyTop reading scoped package data from /Users/jaisonoh/WebstormProjects/speecher1.5/speecher/speecherServer/node_modules/core-js/package.json
85 verbose installManyTop reading scoped package data from /Users/jaisonoh/WebstormProjects/speecher1.5/speecher/speecherServer/node_modules/core-util-is/package.json
86 verbose installManyTop reading scoped package data from /Users/jaisonoh/WebstormProjects/speecher1.5/speecher/speecherServer/node_modules/coveralls/package.json
87 verbose installManyTop reading scoped package data from /Users/jaisonoh/WebstormProjects/speecher1.5/speecher/speecherServer/node_modules/crc/package.json
88 verbose installManyTop reading scoped package data from /Users/jaisonoh/WebstormProjects/speecher1.5/speecher/speecherServer/node_modules/cryptiles/package.json
89 verbose installManyTop reading scoped package data from /Users/jaisonoh/WebstormProjects/speecher1.5/speecher/speecherServer/node_modules/css/package.json
90 verbose installManyTop reading scoped package data from /Users/jaisonoh/WebstormProjects/speecher1.5/speecher/speecherServer/node_modules/css-parse/package.json
91 verbose installManyTop reading scoped package data from /Users/jaisonoh/WebstormProjects/speecher1.5/speecher/speecherServer/node_modules/css-stringify/package.json
92 verbose installManyTop reading scoped package data from /Users/jaisonoh/WebstormProjects/speecher1.5/speecher/speecherServer/node_modules/ctype/package.json
93 verbose installManyTop reading scoped package data from /Users/jaisonoh/WebstormProjects/speecher1.5/speecher/speecherServer/node_modules/custom-event/package.json
94 verbose installManyTop reading scoped package data from /Users/jaisonoh/WebstormProjects/speecher1.5/speecher/speecherServer/node_modules/date-now/package.json
95 verbose installManyTop reading scoped package data from /Users/jaisonoh/WebstormProjects/speecher1.5/speecher/speecherServer/node_modules/date-time/package.json
96 verbose installManyTop reading scoped package data from /Users/jaisonoh/WebstormProjects/speecher1.5/speecher/speecherServer/node_modules/dateformat/package.json
97 verbose installManyTop reading scoped package data from /Users/jaisonoh/WebstormProjects/speecher1.5/speecher/speecherServer/node_modules/debug/package.json
98 verbose installManyTop reading scoped package data from /Users/jaisonoh/WebstormProjects/speecher1.5/speecher/speecherServer/node_modules/decamelize/package.json
99 verbose installManyTop reading scoped package data from /Users/jaisonoh/WebstormProjects/speecher1.5/speecher/speecherServer/node_modules/deep-is/package.json
100 verbose installManyTop reading scoped package data from /Users/jaisonoh/WebstormProjects/speecher1.5/speecher/speecherServer/node_modules/delayed-stream/package.json
101 verbose installManyTop reading scoped package data from /Users/jaisonoh/WebstormProjects/speecher1.5/speecher/speecherServer/node_modules/depd/package.json
102 verbose installManyTop reading scoped package data from /Users/jaisonoh/WebstormProjects/speecher1.5/speecher/speecherServer/node_modules/destroy/package.json
103 verbose installManyTop reading scoped package data from /Users/jaisonoh/WebstormProjects/speecher1.5/speecher/speecherServer/node_modules/di/package.json
104 verbose installManyTop reading scoped package data from /Users/jaisonoh/WebstormProjects/speecher1.5/speecher/speecherServer/node_modules/diff/package.json
105 verbose installManyTop reading scoped package data from /Users/jaisonoh/WebstormProjects/speecher1.5/speecher/speecherServer/node_modules/dom-serialize/package.json
106 verbose installManyTop reading scoped package data from /Users/jaisonoh/WebstormProjects/speecher1.5/speecher/speecherServer/node_modules/dom-serializer/package.json
107 verbose installManyTop reading scoped package data from /Users/jaisonoh/WebstormProjects/speecher1.5/speecher/speecherServer/node_modules/domelementtype/package.json
108 verbose installManyTop reading scoped package data from /Users/jaisonoh/WebstormProjects/speecher1.5/speecher/speecherServer/node_modules/domhandler/package.json
109 verbose installManyTop reading scoped package data from /Users/jaisonoh/WebstormProjects/speecher1.5/speecher/speecherServer/node_modules/domutils/package.json
110 verbose installManyTop reading scoped package data from /Users/jaisonoh/WebstormProjects/speecher1.5/speecher/speecherServer/node_modules/ee-first/package.json
111 verbose installManyTop reading scoped package data from /Users/jaisonoh/WebstormProjects/speecher1.5/speecher/speecherServer/node_modules/engine.io/package.json
112 verbose installManyTop reading scoped package data from /Users/jaisonoh/WebstormProjects/speecher1.5/speecher/speecherServer/node_modules/engine.io-client/package.json
113 verbose installManyTop reading scoped package data from /Users/jaisonoh/WebstormProjects/speecher1.5/speecher/speecherServer/node_modules/engine.io-parser/package.json
114 verbose installManyTop reading scoped package data from /Users/jaisonoh/WebstormProjects/speecher1.5/speecher/speecherServer/node_modules/ent/package.json
115 verbose installManyTop reading scoped package data from /Users/jaisonoh/WebstormProjects/speecher1.5/speecher/speecherServer/node_modules/entities/package.json
116 verbose installManyTop reading scoped package data from /Users/jaisonoh/WebstormProjects/speecher1.5/speecher/speecherServer/node_modules/error-ex/package.json
117 verbose installManyTop reading scoped package data from /Users/jaisonoh/WebstormProjects/speecher1.5/speecher/speecherServer/node_modules/es6-promise/package.json
118 verbose installManyTop reading scoped package data from /Users/jaisonoh/WebstormProjects/speecher1.5/speecher/speecherServer/node_modules/escape-html/package.json
119 verbose installManyTop reading scoped package data from /Users/jaisonoh/WebstormProjects/speecher1.5/speecher/speecherServer/node_modules/escape-string-regexp/package.json
120 verbose installManyTop reading scoped package data from /Users/jaisonoh/WebstormProjects/speecher1.5/speecher/speecherServer/node_modules/escodegen/package.json
121 verbose installManyTop reading scoped package data from /Users/jaisonoh/WebstormProjects/speecher1.5/speecher/speecherServer/node_modules/escomplex/package.json
122 verbose installManyTop reading scoped package data from /Users/jaisonoh/WebstormProjects/speecher1.5/speecher/speecherServer/node_modules/escomplex-ast-moz/package.json
123 verbose installManyTop reading scoped package data from /Users/jaisonoh/WebstormProjects/speecher1.5/speecher/speecherServer/node_modules/escomplex-js/package.json
124 verbose installManyTop reading scoped package data from /Users/jaisonoh/WebstormProjects/speecher1.5/speecher/speecherServer/node_modules/escomplex-traits/package.json
125 verbose installManyTop reading scoped package data from /Users/jaisonoh/WebstormProjects/speecher1.5/speecher/speecherServer/node_modules/esprima/package.json
126 verbose installManyTop reading scoped package data from /Users/jaisonoh/WebstormProjects/speecher1.5/speecher/speecherServer/node_modules/estraverse/package.json
127 verbose installManyTop reading scoped package data from /Users/jaisonoh/WebstormProjects/speecher1.5/speecher/speecherServer/node_modules/esutils/package.json
128 verbose installManyTop reading scoped package data from /Users/jaisonoh/WebstormProjects/speecher1.5/speecher/speecherServer/node_modules/etag/package.json
129 verbose installManyTop reading scoped package data from /Users/jaisonoh/WebstormProjects/speecher1.5/speecher/speecherServer/node_modules/eventemitter2/package.json
130 verbose installManyTop reading scoped package data from /Users/jaisonoh/WebstormProjects/speecher1.5/speecher/speecherServer/node_modules/eventemitter3/package.json
131 verbose installManyTop reading scoped package data from /Users/jaisonoh/WebstormProjects/speecher1.5/speecher/speecherServer/node_modules/exit/package.json
132 verbose installManyTop reading scoped package data from /Users/jaisonoh/WebstormProjects/speecher1.5/speecher/speecherServer/node_modules/expand-braces/package.json
133 verbose installManyTop reading scoped package data from /Users/jaisonoh/WebstormProjects/speecher1.5/speecher/speecherServer/node_modules/expand-brackets/package.json
134 verbose installManyTop reading scoped package data from /Users/jaisonoh/WebstormProjects/speecher1.5/speecher/speecherServer/node_modules/expand-range/package.json
135 verbose installManyTop reading scoped package data from /Users/jaisonoh/WebstormProjects/speecher1.5/speecher/speecherServer/node_modules/express/package.json
136 verbose installManyTop reading scoped package data from /Users/jaisonoh/WebstormProjects/speecher1.5/speecher/speecherServer/node_modules/express-session/package.json
137 verbose installManyTop reading scoped package data from /Users/jaisonoh/WebstormProjects/speecher1.5/speecher/speecherServer/node_modules/extend/package.json
138 verbose installManyTop reading scoped package data from /Users/jaisonoh/WebstormProjects/speecher1.5/speecher/speecherServer/node_modules/extglob/package.json
139 verbose installManyTop reading scoped package data from /Users/jaisonoh/WebstormProjects/speecher1.5/speecher/speecherServer/node_modules/falafel/package.json
140 verbose installManyTop reading scoped package data from /Users/jaisonoh/WebstormProjects/speecher1.5/speecher/speecherServer/node_modules/fast-levenshtein/package.json
141 verbose installManyTop reading scoped package data from /Users/jaisonoh/WebstormProjects/speecher1.5/speecher/speecherServer/node_modules/faye-websocket/package.json
142 verbose installManyTop reading scoped package data from /Users/jaisonoh/WebstormProjects/speecher1.5/speecher/speecherServer/node_modules/figures/package.json
143 verbose installManyTop reading scoped package data from /Users/jaisonoh/WebstormProjects/speecher1.5/speecher/speecherServer/node_modules/filename-regex/package.json
144 verbose installManyTop reading scoped package data from /Users/jaisonoh/WebstormProjects/speecher1.5/speecher/speecherServer/node_modules/fileset/package.json
145 verbose installManyTop reading scoped package data from /Users/jaisonoh/WebstormProjects/speecher1.5/speecher/speecherServer/node_modules/fill-range/package.json
146 verbose installManyTop reading scoped package data from /Users/jaisonoh/WebstormProjects/speecher1.5/speecher/speecherServer/node_modules/finalhandler/package.json
147 verbose installManyTop reading scoped package data from /Users/jaisonoh/WebstormProjects/speecher1.5/speecher/speecherServer/node_modules/find-up/package.json
148 verbose installManyTop reading scoped package data from /Users/jaisonoh/WebstormProjects/speecher1.5/speecher/speecherServer/node_modules/findup-sync/package.json
149 verbose installManyTop reading scoped package data from /Users/jaisonoh/WebstormProjects/speecher1.5/speecher/speecherServer/node_modules/for-in/package.json
150 verbose installManyTop reading scoped package data from /Users/jaisonoh/WebstormProjects/speecher1.5/speecher/speecherServer/node_modules/for-own/package.json
151 verbose installManyTop reading scoped package data from /Users/jaisonoh/WebstormProjects/speecher1.5/speecher/speecherServer/node_modules/forever-agent/package.json
152 verbose installManyTop reading scoped package data from /Users/jaisonoh/WebstormProjects/speecher1.5/speecher/speecherServer/node_modules/form-data/package.json
153 verbose installManyTop reading scoped package data from /Users/jaisonoh/WebstormProjects/speecher1.5/speecher/speecherServer/node_modules/forwarded/package.json
154 verbose installManyTop reading scoped package data from /Users/jaisonoh/WebstormProjects/speecher1.5/speecher/speecherServer/node_modules/fresh/package.json
155 verbose installManyTop reading scoped package data from /Users/jaisonoh/WebstormProjects/speecher1.5/speecher/speecherServer/node_modules/fs-extra/package.json
156 verbose installManyTop reading scoped package data from /Users/jaisonoh/WebstormProjects/speecher1.5/speecher/speecherServer/node_modules/fsevents/package.json
157 verbose installManyTop reading scoped package data from /Users/jaisonoh/WebstormProjects/speecher1.5/speecher/speecherServer/node_modules/gaze/package.json
158 verbose installManyTop reading scoped package data from /Users/jaisonoh/WebstormProjects/speecher1.5/speecher/speecherServer/node_modules/generate-function/package.json
159 verbose installManyTop reading scoped package data from /Users/jaisonoh/WebstormProjects/speecher1.5/speecher/speecherServer/node_modules/generate-object-property/package.json
160 verbose installManyTop reading scoped package data from /Users/jaisonoh/WebstormProjects/speecher1.5/speecher/speecherServer/node_modules/get-stdin/package.json
161 verbose installManyTop reading scoped package data from /Users/jaisonoh/WebstormProjects/speecher1.5/speecher/speecherServer/node_modules/getobject/package.json
162 verbose installManyTop reading scoped package data from /Users/jaisonoh/WebstormProjects/speecher1.5/speecher/speecherServer/node_modules/glob/package.json
163 verbose installManyTop reading scoped package data from /Users/jaisonoh/WebstormProjects/speecher1.5/speecher/speecherServer/node_modules/glob-base/package.json
164 verbose installManyTop reading scoped package data from /Users/jaisonoh/WebstormProjects/speecher1.5/speecher/speecherServer/node_modules/glob-parent/package.json
165 verbose installManyTop reading scoped package data from /Users/jaisonoh/WebstormProjects/speecher1.5/speecher/speecherServer/node_modules/global/package.json
166 verbose installManyTop reading scoped package data from /Users/jaisonoh/WebstormProjects/speecher1.5/speecher/speecherServer/node_modules/globule/package.json
167 verbose installManyTop reading scoped package data from /Users/jaisonoh/WebstormProjects/speecher1.5/speecher/speecherServer/node_modules/graceful-fs/package.json
168 verbose installManyTop reading scoped package data from /Users/jaisonoh/WebstormProjects/speecher1.5/speecher/speecherServer/node_modules/graceful-readlink/package.json
169 verbose installManyTop reading scoped package data from /Users/jaisonoh/WebstormProjects/speecher1.5/speecher/speecherServer/node_modules/growl/package.json
170 verbose installManyTop reading scoped package data from /Users/jaisonoh/WebstormProjects/speecher1.5/speecher/speecherServer/node_modules/grunt/package.json
171 verbose installManyTop reading scoped package data from /Users/jaisonoh/WebstormProjects/speecher1.5/speecher/speecherServer/node_modules/grunt-contrib-jshint/package.json
172 verbose installManyTop reading scoped package data from /Users/jaisonoh/WebstormProjects/speecher1.5/speecher/speecherServer/node_modules/grunt-contrib-watch/package.json
173 verbose installManyTop reading scoped package data from /Users/jaisonoh/WebstormProjects/speecher1.5/speecher/speecherServer/node_modules/grunt-develop/package.json
174 verbose installManyTop reading scoped package data from /Users/jaisonoh/WebstormProjects/speecher1.5/speecher/speecherServer/node_modules/grunt-karma/package.json
175 verbose installManyTop reading scoped package data from /Users/jaisonoh/WebstormProjects/speecher1.5/speecher/speecherServer/node_modules/grunt-legacy-log/package.json
176 verbose installManyTop reading scoped package data from /Users/jaisonoh/WebstormProjects/speecher1.5/speecher/speecherServer/node_modules/grunt-legacy-log-utils/package.json
177 verbose installManyTop reading scoped package data from /Users/jaisonoh/WebstormProjects/speecher1.5/speecher/speecherServer/node_modules/grunt-legacy-util/package.json
178 verbose installManyTop reading scoped package data from /Users/jaisonoh/WebstormProjects/speecher1.5/speecher/speecherServer/node_modules/grunt-mocha-cli/package.json
179 verbose installManyTop reading scoped package data from /Users/jaisonoh/WebstormProjects/speecher1.5/speecher/speecherServer/node_modules/grunt-mocha-cov/package.json
180 verbose installManyTop reading scoped package data from /Users/jaisonoh/WebstormProjects/speecher1.5/speecher/speecherServer/node_modules/grunt-plato/package.json
181 verbose installManyTop reading scoped package data from /Users/jaisonoh/WebstormProjects/speecher1.5/speecher/speecherServer/node_modules/grunt-sloccount/package.json
182 verbose installManyTop reading scoped package data from /Users/jaisonoh/WebstormProjects/speecher1.5/speecher/speecherServer/node_modules/handlebars/package.json
183 verbose installManyTop reading scoped package data from /Users/jaisonoh/WebstormProjects/speecher1.5/speecher/speecherServer/node_modules/har-validator/package.json
184 verbose installManyTop reading scoped package data from /Users/jaisonoh/WebstormProjects/speecher1.5/speecher/speecherServer/node_modules/has-ansi/package.json
185 verbose installManyTop reading scoped package data from /Users/jaisonoh/WebstormProjects/speecher1.5/speecher/speecherServer/node_modules/has-binary/package.json
186 verbose installManyTop reading scoped package data from /Users/jaisonoh/WebstormProjects/speecher1.5/speecher/speecherServer/node_modules/has-binary-data/package.json
187 verbose installManyTop reading scoped package data from /Users/jaisonoh/WebstormProjects/speecher1.5/speecher/speecherServer/node_modules/has-cors/package.json
188 verbose installManyTop reading scoped package data from /Users/jaisonoh/WebstormProjects/speecher1.5/speecher/speecherServer/node_modules/has-flag/package.json
189 verbose installManyTop reading scoped package data from /Users/jaisonoh/WebstormProjects/speecher1.5/speecher/speecherServer/node_modules/hawk/package.json
190 verbose installManyTop reading scoped package data from /Users/jaisonoh/WebstormProjects/speecher1.5/speecher/speecherServer/node_modules/hoek/package.json
191 verbose installManyTop reading scoped package data from /Users/jaisonoh/WebstormProjects/speecher1.5/speecher/speecherServer/node_modules/hooker/package.json
192 verbose installManyTop reading scoped package data from /Users/jaisonoh/WebstormProjects/speecher1.5/speecher/speecherServer/node_modules/hooks-fixed/package.json
193 verbose installManyTop reading scoped package data from /Users/jaisonoh/WebstormProjects/speecher1.5/speecher/speecherServer/node_modules/hosted-git-info/package.json
194 verbose installManyTop reading scoped package data from /Users/jaisonoh/WebstormProjects/speecher1.5/speecher/speecherServer/node_modules/htmlparser2/package.json
195 verbose installManyTop reading scoped package data from /Users/jaisonoh/WebstormProjects/speecher1.5/speecher/speecherServer/node_modules/http-errors/package.json
196 verbose installManyTop reading scoped package data from /Users/jaisonoh/WebstormProjects/speecher1.5/speecher/speecherServer/node_modules/http-proxy/package.json
197 verbose installManyTop reading scoped package data from /Users/jaisonoh/WebstormProjects/speecher1.5/speecher/speecherServer/node_modules/http-signature/package.json
198 verbose installManyTop reading scoped package data from /Users/jaisonoh/WebstormProjects/speecher1.5/speecher/speecherServer/node_modules/iconv-lite/package.json
199 verbose installManyTop reading scoped package data from /Users/jaisonoh/WebstormProjects/speecher1.5/speecher/speecherServer/node_modules/indent-string/package.json
200 verbose installManyTop reading scoped package data from /Users/jaisonoh/WebstormProjects/speecher1.5/speecher/speecherServer/node_modules/indexof/package.json
201 verbose installManyTop reading scoped package data from /Users/jaisonoh/WebstormProjects/speecher1.5/speecher/speecherServer/node_modules/inflight/package.json
202 verbose installManyTop reading scoped package data from /Users/jaisonoh/WebstormProjects/speecher1.5/speecher/speecherServer/node_modules/inherits/package.json
203 verbose installManyTop reading scoped package data from /Users/jaisonoh/WebstormProjects/speecher1.5/speecher/speecherServer/node_modules/ipaddr.js/package.json
204 verbose installManyTop reading scoped package data from /Users/jaisonoh/WebstormProjects/speecher1.5/speecher/speecherServer/node_modules/is-absolute/package.json
205 verbose installManyTop reading scoped package data from /Users/jaisonoh/WebstormProjects/speecher1.5/speecher/speecherServer/node_modules/is-binary-path/package.json
206 verbose installManyTop reading scoped package data from /Users/jaisonoh/WebstormProjects/speecher1.5/speecher/speecherServer/node_modules/is-builtin-module/package.json
207 verbose installManyTop reading scoped package data from /Users/jaisonoh/WebstormProjects/speecher1.5/speecher/speecherServer/node_modules/is-dotfile/package.json
208 verbose installManyTop reading scoped package data from /Users/jaisonoh/WebstormProjects/speecher1.5/speecher/speecherServer/node_modules/is-equal-shallow/package.json
209 verbose installManyTop reading scoped package data from /Users/jaisonoh/WebstormProjects/speecher1.5/speecher/speecherServer/node_modules/is-extglob/package.json
210 verbose installManyTop reading scoped package data from /Users/jaisonoh/WebstormProjects/speecher1.5/speecher/speecherServer/node_modules/is-finite/package.json
211 verbose installManyTop reading scoped package data from /Users/jaisonoh/WebstormProjects/speecher1.5/speecher/speecherServer/node_modules/is-glob/package.json
212 verbose installManyTop reading scoped package data from /Users/jaisonoh/WebstormProjects/speecher1.5/speecher/speecherServer/node_modules/is-my-json-valid/package.json
213 verbose installManyTop reading scoped package data from /Users/jaisonoh/WebstormProjects/speecher1.5/speecher/speecherServer/node_modules/is-number/package.json
214 verbose installManyTop reading scoped package data from /Users/jaisonoh/WebstormProjects/speecher1.5/speecher/speecherServer/node_modules/is-primitive/package.json
215 verbose installManyTop reading scoped package data from /Users/jaisonoh/WebstormProjects/speecher1.5/speecher/speecherServer/node_modules/is-promise/package.json
216 verbose installManyTop reading scoped package data from /Users/jaisonoh/WebstormProjects/speecher1.5/speecher/speecherServer/node_modules/is-property/package.json
217 verbose installManyTop reading scoped package data from /Users/jaisonoh/WebstormProjects/speecher1.5/speecher/speecherServer/node_modules/is-relative/package.json
218 verbose installManyTop reading scoped package data from /Users/jaisonoh/WebstormProjects/speecher1.5/speecher/speecherServer/node_modules/is-utf8/package.json
219 verbose installManyTop reading scoped package data from /Users/jaisonoh/WebstormProjects/speecher1.5/speecher/speecherServer/node_modules/isarray/package.json
220 verbose installManyTop reading scoped package data from /Users/jaisonoh/WebstormProjects/speecher1.5/speecher/speecherServer/node_modules/isobject/package.json
221 verbose installManyTop reading scoped package data from /Users/jaisonoh/WebstormProjects/speecher1.5/speecher/speecherServer/node_modules/isstream/package.json
222 verbose installManyTop reading scoped package data from /Users/jaisonoh/WebstormProjects/speecher1.5/speecher/speecherServer/node_modules/istanbul/package.json
223 verbose installManyTop reading scoped package data from /Users/jaisonoh/WebstormProjects/speecher1.5/speecher/speecherServer/node_modules/jade/package.json
224 verbose installManyTop reading scoped package data from /Users/jaisonoh/WebstormProjects/speecher1.5/speecher/speecherServer/node_modules/jasmine-core/package.json
225 verbose installManyTop reading scoped package data from /Users/jaisonoh/WebstormProjects/speecher1.5/speecher/speecherServer/node_modules/js-yaml/package.json
226 verbose installManyTop reading scoped package data from /Users/jaisonoh/WebstormProjects/speecher1.5/speecher/speecherServer/node_modules/jshint/package.json
227 verbose installManyTop reading scoped package data from /Users/jaisonoh/WebstormProjects/speecher1.5/speecher/speecherServer/node_modules/jshint-jenkins-checkstyle-reporter/package.json
228 verbose installManyTop reading scoped package data from /Users/jaisonoh/WebstormProjects/speecher1.5/speecher/speecherServer/node_modules/jshint-stylish/package.json
229 verbose installManyTop reading scoped package data from /Users/jaisonoh/WebstormProjects/speecher1.5/speecher/speecherServer/node_modules/json-stringify-safe/package.json
230 verbose installManyTop reading scoped package data from /Users/jaisonoh/WebstormProjects/speecher1.5/speecher/speecherServer/node_modules/json3/package.json
231 verbose installManyTop reading scoped package data from /Users/jaisonoh/WebstormProjects/speecher1.5/speecher/speecherServer/node_modules/jsonfile/package.json
232 verbose installManyTop reading scoped package data from /Users/jaisonoh/WebstormProjects/speecher1.5/speecher/speecherServer/node_modules/jsonpointer/package.json
233 verbose installManyTop reading scoped package data from /Users/jaisonoh/WebstormProjects/speecher1.5/speecher/speecherServer/node_modules/jstransformer/package.json
234 verbose installManyTop reading scoped package data from /Users/jaisonoh/WebstormProjects/speecher1.5/speecher/speecherServer/node_modules/kareem/package.json
235 verbose installManyTop reading scoped package data from /Users/jaisonoh/WebstormProjects/speecher1.5/speecher/speecherServer/node_modules/karma/package.json
236 verbose installManyTop reading scoped package data from /Users/jaisonoh/WebstormProjects/speecher1.5/speecher/speecherServer/node_modules/karma-coverage/package.json
237 verbose installManyTop reading scoped package data from /Users/jaisonoh/WebstormProjects/speecher1.5/speecher/speecherServer/node_modules/karma-jasmine/package.json
238 verbose installManyTop reading scoped package data from /Users/jaisonoh/WebstormProjects/speecher1.5/speecher/speecherServer/node_modules/karma-mocha-reporter/package.json
239 verbose installManyTop reading scoped package data from /Users/jaisonoh/WebstormProjects/speecher1.5/speecher/speecherServer/node_modules/karma-phantomjs-launcher/package.json
240 verbose installManyTop reading scoped package data from /Users/jaisonoh/WebstormProjects/speecher1.5/speecher/speecherServer/node_modules/kerberos/package.json
241 verbose installManyTop reading scoped package data from /Users/jaisonoh/WebstormProjects/speecher1.5/speecher/speecherServer/node_modules/kind-of/package.json
242 verbose installManyTop reading scoped package data from /Users/jaisonoh/WebstormProjects/speecher1.5/speecher/speecherServer/node_modules/lazy-cache/package.json
243 verbose installManyTop reading scoped package data from /Users/jaisonoh/WebstormProjects/speecher1.5/speecher/speecherServer/node_modules/lcov-parse/package.json
244 verbose installManyTop reading scoped package data from /Users/jaisonoh/WebstormProjects/speecher1.5/speecher/speecherServer/node_modules/levn/package.json
245 verbose installManyTop reading scoped package data from /Users/jaisonoh/WebstormProjects/speecher1.5/speecher/speecherServer/node_modules/load-grunt-tasks/package.json
246 verbose installManyTop reading scoped package data from /Users/jaisonoh/WebstormProjects/speecher1.5/speecher/speecherServer/node_modules/load-json-file/package.json
247 verbose installManyTop reading scoped package data from /Users/jaisonoh/WebstormProjects/speecher1.5/speecher/speecherServer/node_modules/lodash/package.json
248 verbose installManyTop reading scoped package data from /Users/jaisonoh/WebstormProjects/speecher1.5/speecher/speecherServer/node_modules/lodash._arraycopy/package.json
249 verbose installManyTop reading scoped package data from /Users/jaisonoh/WebstormProjects/speecher1.5/speecher/speecherServer/node_modules/lodash._baseassign/package.json
250 verbose installManyTop reading scoped package data from /Users/jaisonoh/WebstormProjects/speecher1.5/speecher/speecherServer/node_modules/lodash._basecopy/package.json
251 verbose installManyTop reading scoped package data from /Users/jaisonoh/WebstormProjects/speecher1.5/speecher/speecherServer/node_modules/lodash._baseflatten/package.json
252 verbose installManyTop reading scoped package data from /Users/jaisonoh/WebstormProjects/speecher1.5/speecher/speecherServer/node_modules/lodash._bindcallback/package.json
253 verbose installManyTop reading scoped package data from /Users/jaisonoh/WebstormProjects/speecher1.5/speecher/speecherServer/node_modules/lodash._createassigner/package.json
254 verbose installManyTop reading scoped package data from /Users/jaisonoh/WebstormProjects/speecher1.5/speecher/speecherServer/node_modules/lodash._getnative/package.json
255 verbose installManyTop reading scoped package data from /Users/jaisonoh/WebstormProjects/speecher1.5/speecher/speecherServer/node_modules/lodash._isiterateecall/package.json
256 verbose installManyTop reading scoped package data from /Users/jaisonoh/WebstormProjects/speecher1.5/speecher/speecherServer/node_modules/lodash.assign/package.json
257 verbose installManyTop reading scoped package data from /Users/jaisonoh/WebstormProjects/speecher1.5/speecher/speecherServer/node_modules/lodash.defaults/package.json
258 verbose installManyTop reading scoped package data from /Users/jaisonoh/WebstormProjects/speecher1.5/speecher/speecherServer/node_modules/lodash.flatten/package.json
259 verbose installManyTop reading scoped package data from /Users/jaisonoh/WebstormProjects/speecher1.5/speecher/speecherServer/node_modules/lodash.isarguments/package.json
260 verbose installManyTop reading scoped package data from /Users/jaisonoh/WebstormProjects/speecher1.5/speecher/speecherServer/node_modules/lodash.isarray/package.json
261 verbose installManyTop reading scoped package data from /Users/jaisonoh/WebstormProjects/speecher1.5/speecher/speecherServer/node_modules/lodash.keys/package.json
262 verbose installManyTop reading scoped package data from /Users/jaisonoh/WebstormProjects/speecher1.5/speecher/speecherServer/node_modules/lodash.restparam/package.json
263 verbose installManyTop reading scoped package data from /Users/jaisonoh/WebstormProjects/speecher1.5/speecher/speecherServer/node_modules/log-driver/package.json
264 verbose installManyTop reading scoped package data from /Users/jaisonoh/WebstormProjects/speecher1.5/speecher/speecherServer/node_modules/log-symbols/package.json
265 verbose installManyTop reading scoped package data from /Users/jaisonoh/WebstormProjects/speecher1.5/speecher/speecherServer/node_modules/log4js/package.json
266 verbose installManyTop reading scoped package data from /Users/jaisonoh/WebstormProjects/speecher1.5/speecher/speecherServer/node_modules/loud-rejection/package.json
267 verbose installManyTop reading scoped package data from /Users/jaisonoh/WebstormProjects/speecher1.5/speecher/speecherServer/node_modules/lru-cache/package.json
268 verbose installManyTop reading scoped package data from /Users/jaisonoh/WebstormProjects/speecher1.5/speecher/speecherServer/node_modules/map-obj/package.json
269 verbose installManyTop reading scoped package data from /Users/jaisonoh/WebstormProjects/speecher1.5/speecher/speecherServer/node_modules/matrix-utilities/package.json
270 verbose installManyTop reading scoped package data from /Users/jaisonoh/WebstormProjects/speecher1.5/speecher/speecherServer/node_modules/media-typer/package.json
271 verbose installManyTop reading scoped package data from /Users/jaisonoh/WebstormProjects/speecher1.5/speecher/speecherServer/node_modules/meow/package.json
272 verbose installManyTop reading scoped package data from /Users/jaisonoh/WebstormProjects/speecher1.5/speecher/speecherServer/node_modules/merge-descriptors/package.json
273 verbose installManyTop reading scoped package data from /Users/jaisonoh/WebstormProjects/speecher1.5/speecher/speecherServer/node_modules/methods/package.json
274 verbose installManyTop reading scoped package data from /Users/jaisonoh/WebstormProjects/speecher1.5/speecher/speecherServer/node_modules/micromatch/package.json
275 verbose installManyTop reading scoped package data from /Users/jaisonoh/WebstormProjects/speecher1.5/speecher/speecherServer/node_modules/mime/package.json
276 verbose installManyTop reading scoped package data from /Users/jaisonoh/WebstormProjects/speecher1.5/speecher/speecherServer/node_modules/mime-db/package.json
277 verbose installManyTop reading scoped package data from /Users/jaisonoh/WebstormProjects/speecher1.5/speecher/speecherServer/node_modules/mime-types/package.json
278 verbose installManyTop reading scoped package data from /Users/jaisonoh/WebstormProjects/speecher1.5/speecher/speecherServer/node_modules/minimatch/package.json
279 verbose installManyTop reading scoped package data from /Users/jaisonoh/WebstormProjects/speecher1.5/speecher/speecherServer/node_modules/minimist/package.json
280 verbose installManyTop reading scoped package data from /Users/jaisonoh/WebstormProjects/speecher1.5/speecher/speecherServer/node_modules/mkdirp/package.json
281 verbose installManyTop reading scoped package data from /Users/jaisonoh/WebstormProjects/speecher1.5/speecher/speecherServer/node_modules/mocha/package.json
282 verbose installManyTop reading scoped package data from /Users/jaisonoh/WebstormProjects/speecher1.5/speecher/speecherServer/node_modules/mocha-lcov-reporter/package.json
283 verbose installManyTop reading scoped package data from /Users/jaisonoh/WebstormProjects/speecher1.5/speecher/speecherServer/node_modules/mongodb/package.json
284 verbose installManyTop reading scoped package data from /Users/jaisonoh/WebstormProjects/speecher1.5/speecher/speecherServer/node_modules/mongodb-core/package.json
285 verbose installManyTop reading scoped package data from /Users/jaisonoh/WebstormProjects/speecher1.5/speecher/speecherServer/node_modules/mongoose/package.json
286 verbose installManyTop reading scoped package data from /Users/jaisonoh/WebstormProjects/speecher1.5/speecher/speecherServer/node_modules/morgan/package.json
287 verbose installManyTop reading scoped package data from /Users/jaisonoh/WebstormProjects/speecher1.5/speecher/speecherServer/node_modules/mpath/package.json
288 verbose installManyTop reading scoped package data from /Users/jaisonoh/WebstormProjects/speecher1.5/speecher/speecherServer/node_modules/mpromise/package.json
289 verbose installManyTop reading scoped package data from /Users/jaisonoh/WebstormProjects/speecher1.5/speecher/speecherServer/node_modules/mquery/package.json
290 verbose installManyTop reading scoped package data from /Users/jaisonoh/WebstormProjects/speecher1.5/speecher/speecherServer/node_modules/ms/package.json
291 verbose installManyTop reading scoped package data from /Users/jaisonoh/WebstormProjects/speecher1.5/speecher/speecherServer/node_modules/multimatch/package.json
292 verbose installManyTop reading scoped package data from /Users/jaisonoh/WebstormProjects/speecher1.5/speecher/speecherServer/node_modules/muri/package.json
293 verbose installManyTop reading scoped package data from /Users/jaisonoh/WebstormProjects/speecher1.5/speecher/speecherServer/node_modules/nan/package.json
294 verbose installManyTop reading scoped package data from /Users/jaisonoh/WebstormProjects/speecher1.5/speecher/speecherServer/node_modules/natural/package.json
295 verbose installManyTop reading scoped package data from /Users/jaisonoh/WebstormProjects/speecher1.5/speecher/speecherServer/node_modules/ncp/package.json
296 verbose installManyTop reading scoped package data from /Users/jaisonoh/WebstormProjects/speecher1.5/speecher/speecherServer/node_modules/negotiator/package.json
297 verbose installManyTop reading scoped package data from /Users/jaisonoh/WebstormProjects/speecher1.5/speecher/speecherServer/node_modules/node-uuid/package.json
298 verbose installManyTop reading scoped package data from /Users/jaisonoh/WebstormProjects/speecher1.5/speecher/speecherServer/node_modules/nopt/package.json
299 verbose installManyTop reading scoped package data from /Users/jaisonoh/WebstormProjects/speecher1.5/speecher/speecherServer/node_modules/noptify/package.json
300 verbose installManyTop reading scoped package data from /Users/jaisonoh/WebstormProjects/speecher1.5/speecher/speecherServer/node_modules/normalize-package-data/package.json
301 verbose installManyTop reading scoped package data from /Users/jaisonoh/WebstormProjects/speecher1.5/speecher/speecherServer/node_modules/number-is-nan/package.json
302 verbose installManyTop reading scoped package data from /Users/jaisonoh/WebstormProjects/speecher1.5/speecher/speecherServer/node_modules/oauth-sign/package.json
303 verbose installManyTop reading scoped package data from /Users/jaisonoh/WebstormProjects/speecher1.5/speecher/speecherServer/node_modules/object-assign/package.json
304 verbose installManyTop reading scoped package data from /Users/jaisonoh/WebstormProjects/speecher1.5/speecher/speecherServer/node_modules/object-component/package.json
305 verbose installManyTop reading scoped package data from /Users/jaisonoh/WebstormProjects/speecher1.5/speecher/speecherServer/node_modules/object-keys/package.json
306 verbose installManyTop reading scoped package data from /Users/jaisonoh/WebstormProjects/speecher1.5/speecher/speecherServer/node_modules/object.omit/package.json
307 verbose installManyTop reading scoped package data from /Users/jaisonoh/WebstormProjects/speecher1.5/speecher/speecherServer/node_modules/on-finished/package.json
308 verbose installManyTop reading scoped package data from /Users/jaisonoh/WebstormProjects/speecher1.5/speecher/speecherServer/node_modules/on-headers/package.json
309 verbose installManyTop reading scoped package data from /Users/jaisonoh/WebstormProjects/speecher1.5/speecher/speecherServer/node_modules/once/package.json
310 verbose installManyTop reading scoped package data from /Users/jaisonoh/WebstormProjects/speecher1.5/speecher/speecherServer/node_modules/optimist/package.json
311 verbose installManyTop reading scoped package data from /Users/jaisonoh/WebstormProjects/speecher1.5/speecher/speecherServer/node_modules/optionator/package.json
312 verbose installManyTop reading scoped package data from /Users/jaisonoh/WebstormProjects/speecher1.5/speecher/speecherServer/node_modules/options/package.json
313 verbose installManyTop reading scoped package data from /Users/jaisonoh/WebstormProjects/speecher1.5/speecher/speecherServer/node_modules/parse-glob/package.json
314 verbose installManyTop reading scoped package data from /Users/jaisonoh/WebstormProjects/speecher1.5/speecher/speecherServer/node_modules/parse-json/package.json
315 verbose installManyTop reading scoped package data from /Users/jaisonoh/WebstormProjects/speecher1.5/speecher/speecherServer/node_modules/parse-ms/package.json
316 verbose installManyTop reading scoped package data from /Users/jaisonoh/WebstormProjects/speecher1.5/speecher/speecherServer/node_modules/parsejson/package.json
317 verbose installManyTop reading scoped package data from /Users/jaisonoh/WebstormProjects/speecher1.5/speecher/speecherServer/node_modules/parseqs/package.json
318 verbose installManyTop reading scoped package data from /Users/jaisonoh/WebstormProjects/speecher1.5/speecher/speecherServer/node_modules/parseuri/package.json
319 verbose installManyTop reading scoped package data from /Users/jaisonoh/WebstormProjects/speecher1.5/speecher/speecherServer/node_modules/parseurl/package.json
320 verbose installManyTop reading scoped package data from /Users/jaisonoh/WebstormProjects/speecher1.5/speecher/speecherServer/node_modules/path-exists/package.json
321 verbose installManyTop reading scoped package data from /Users/jaisonoh/WebstormProjects/speecher1.5/speecher/speecherServer/node_modules/path-is-absolute/package.json
322 verbose installManyTop reading scoped package data from /Users/jaisonoh/WebstormProjects/speecher1.5/speecher/speecherServer/node_modules/path-to-regexp/package.json
323 verbose installManyTop reading scoped package data from /Users/jaisonoh/WebstormProjects/speecher1.5/speecher/speecherServer/node_modules/path-type/package.json
324 verbose installManyTop reading scoped package data from /Users/jaisonoh/WebstormProjects/speecher1.5/speecher/speecherServer/node_modules/pify/package.json
325 verbose installManyTop reading scoped package data from /Users/jaisonoh/WebstormProjects/speecher1.5/speecher/speecherServer/node_modules/pinkie/package.json
326 verbose installManyTop reading scoped package data from /Users/jaisonoh/WebstormProjects/speecher1.5/speecher/speecherServer/node_modules/pinkie-promise/package.json
327 verbose installManyTop reading scoped package data from /Users/jaisonoh/WebstormProjects/speecher1.5/speecher/speecherServer/node_modules/pkg-up/package.json
328 verbose installManyTop reading scoped package data from /Users/jaisonoh/WebstormProjects/speecher1.5/speecher/speecherServer/node_modules/plato/package.json
329 verbose installManyTop reading scoped package data from /Users/jaisonoh/WebstormProjects/speecher1.5/speecher/speecherServer/node_modules/plur/package.json
330 verbose installManyTop reading scoped package data from /Users/jaisonoh/WebstormProjects/speecher1.5/speecher/speecherServer/node_modules/posix-getopt/package.json
331 verbose installManyTop reading scoped package data from /Users/jaisonoh/WebstormProjects/speecher1.5/speecher/speecherServer/node_modules/prelude-ls/package.json
332 verbose installManyTop reading scoped package data from /Users/jaisonoh/WebstormProjects/speecher1.5/speecher/speecherServer/node_modules/preserve/package.json
333 verbose installManyTop reading scoped package data from /Users/jaisonoh/WebstormProjects/speecher1.5/speecher/speecherServer/node_modules/pretty-ms/package.json
334 verbose installManyTop reading scoped package data from /Users/jaisonoh/WebstormProjects/speecher1.5/speecher/speecherServer/node_modules/process-nextick-args/package.json
335 verbose installManyTop reading scoped package data from /Users/jaisonoh/WebstormProjects/speecher1.5/speecher/speecherServer/node_modules/promise/package.json
336 verbose installManyTop reading scoped package data from /Users/jaisonoh/WebstormProjects/speecher1.5/speecher/speecherServer/node_modules/proxy-addr/package.json
337 verbose installManyTop reading scoped package data from /Users/jaisonoh/WebstormProjects/speecher1.5/speecher/speecherServer/node_modules/qs/package.json
338 verbose installManyTop reading scoped package data from /Users/jaisonoh/WebstormProjects/speecher1.5/speecher/speecherServer/node_modules/randomatic/package.json
339 verbose installManyTop reading scoped package data from /Users/jaisonoh/WebstormProjects/speecher1.5/speecher/speecherServer/node_modules/range-parser/package.json
340 verbose installManyTop reading scoped package data from /Users/jaisonoh/WebstormProjects/speecher1.5/speecher/speecherServer/node_modules/raw-body/package.json
341 verbose installManyTop reading scoped package data from /Users/jaisonoh/WebstormProjects/speecher1.5/speecher/speecherServer/node_modules/read-pkg/package.json
342 verbose installManyTop reading scoped package data from /Users/jaisonoh/WebstormProjects/speecher1.5/speecher/speecherServer/node_modules/read-pkg-up/package.json
343 verbose installManyTop reading scoped package data from /Users/jaisonoh/WebstormProjects/speecher1.5/speecher/speecherServer/node_modules/readable-stream/package.json
344 verbose installManyTop reading scoped package data from /Users/jaisonoh/WebstormProjects/speecher1.5/speecher/speecherServer/node_modules/readdirp/package.json
345 verbose installManyTop reading scoped package data from /Users/jaisonoh/WebstormProjects/speecher1.5/speecher/speecherServer/node_modules/redent/package.json
346 verbose installManyTop reading scoped package data from /Users/jaisonoh/WebstormProjects/speecher1.5/speecher/speecherServer/node_modules/regex-cache/package.json
347 verbose installManyTop reading scoped package data from /Users/jaisonoh/WebstormProjects/speecher1.5/speecher/speecherServer/node_modules/regexp-clone/package.json
348 verbose installManyTop reading scoped package data from /Users/jaisonoh/WebstormProjects/speecher1.5/speecher/speecherServer/node_modules/repeat-element/package.json
349 verbose installManyTop reading scoped package data from /Users/jaisonoh/WebstormProjects/speecher1.5/speecher/speecherServer/node_modules/repeat-string/package.json
350 verbose installManyTop reading scoped package data from /Users/jaisonoh/WebstormProjects/speecher1.5/speecher/speecherServer/node_modules/repeating/package.json
351 verbose installManyTop reading scoped package data from /Users/jaisonoh/WebstormProjects/speecher1.5/speecher/speecherServer/node_modules/request/package.json
352 verbose installManyTop reading scoped package data from /Users/jaisonoh/WebstormProjects/speecher1.5/speecher/speecherServer/node_modules/requires-port/package.json
353 verbose installManyTop reading scoped package data from /Users/jaisonoh/WebstormProjects/speecher1.5/speecher/speecherServer/node_modules/resolve/package.json
354 verbose installManyTop reading scoped package data from /Users/jaisonoh/WebstormProjects/speecher1.5/speecher/speecherServer/node_modules/rimraf/package.json
355 verbose installManyTop reading scoped package data from /Users/jaisonoh/WebstormProjects/speecher1.5/speecher/speecherServer/node_modules/semver/package.json
356 verbose installManyTop reading scoped package data from /Users/jaisonoh/WebstormProjects/speecher1.5/speecher/speecherServer/node_modules/send/package.json
357 verbose installManyTop reading scoped package data from /Users/jaisonoh/WebstormProjects/speecher1.5/speecher/speecherServer/node_modules/serve-favicon/package.json
358 verbose installManyTop reading scoped package data from /Users/jaisonoh/WebstormProjects/speecher1.5/speecher/speecherServer/node_modules/serve-static/package.json
359 verbose installManyTop reading scoped package data from /Users/jaisonoh/WebstormProjects/speecher1.5/speecher/speecherServer/node_modules/shelljs/package.json
360 verbose installManyTop reading scoped package data from /Users/jaisonoh/WebstormProjects/speecher1.5/speecher/speecherServer/node_modules/should/package.json
361 verbose installManyTop reading scoped package data from /Users/jaisonoh/WebstormProjects/speecher1.5/speecher/speecherServer/node_modules/should-equal/package.json
362 verbose installManyTop reading scoped package data from /Users/jaisonoh/WebstormProjects/speecher1.5/speecher/speecherServer/node_modules/should-format/package.json
363 verbose installManyTop reading scoped package data from /Users/jaisonoh/WebstormProjects/speecher1.5/speecher/speecherServer/node_modules/should-type/package.json
364 verbose installManyTop reading scoped package data from /Users/jaisonoh/WebstormProjects/speecher1.5/speecher/speecherServer/node_modules/sigmund/package.json
365 verbose installManyTop reading scoped package data from /Users/jaisonoh/WebstormProjects/speecher1.5/speecher/speecherServer/node_modules/sliced/package.json
366 verbose installManyTop reading scoped package data from /Users/jaisonoh/WebstormProjects/speecher1.5/speecher/speecherServer/node_modules/sloc/package.json
367 verbose installManyTop reading scoped package data from /Users/jaisonoh/WebstormProjects/speecher1.5/speecher/speecherServer/node_modules/sntp/package.json
368 verbose installManyTop reading scoped package data from /Users/jaisonoh/WebstormProjects/speecher1.5/speecher/speecherServer/node_modules/socket.io/package.json
369 verbose installManyTop reading scoped package data from /Users/jaisonoh/WebstormProjects/speecher1.5/speecher/speecherServer/node_modules/socket.io-adapter/package.json
370 verbose installManyTop reading scoped package data from /Users/jaisonoh/WebstormProjects/speecher1.5/speecher/speecherServer/node_modules/socket.io-client/package.json
371 verbose installManyTop reading scoped package data from /Users/jaisonoh/WebstormProjects/speecher1.5/speecher/speecherServer/node_modules/socket.io-parser/package.json
372 verbose installManyTop reading scoped package data from /Users/jaisonoh/WebstormProjects/speecher1.5/speecher/speecherServer/node_modules/source-map/package.json
373 verbose installManyTop reading scoped package data from /Users/jaisonoh/WebstormProjects/speecher1.5/speecher/speecherServer/node_modules/spdx-correct/package.json
374 verbose installManyTop reading scoped package data from /Users/jaisonoh/WebstormProjects/speecher1.5/speecher/speecherServer/node_modules/spdx-exceptions/package.json
375 verbose installManyTop reading scoped package data from /Users/jaisonoh/WebstormProjects/speecher1.5/speecher/speecherServer/node_modules/spdx-expression-parse/package.json
376 verbose installManyTop reading scoped package data from /Users/jaisonoh/WebstormProjects/speecher1.5/speecher/speecherServer/node_modules/spdx-license-ids/package.json
377 verbose installManyTop reading scoped package data from /Users/jaisonoh/WebstormProjects/speecher1.5/speecher/speecherServer/node_modules/sprintf-js/package.json
378 verbose installManyTop reading scoped package data from /Users/jaisonoh/WebstormProjects/speecher1.5/speecher/speecherServer/node_modules/statuses/package.json
379 verbose installManyTop reading scoped package data from /Users/jaisonoh/WebstormProjects/speecher1.5/speecher/speecherServer/node_modules/string-length/package.json
380 verbose installManyTop reading scoped package data from /Users/jaisonoh/WebstormProjects/speecher1.5/speecher/speecherServer/node_modules/string_decoder/package.json
381 verbose installManyTop reading scoped package data from /Users/jaisonoh/WebstormProjects/speecher1.5/speecher/speecherServer/node_modules/stringstream/package.json
382 verbose installManyTop reading scoped package data from /Users/jaisonoh/WebstormProjects/speecher1.5/speecher/speecherServer/node_modules/strip-ansi/package.json
383 verbose installManyTop reading scoped package data from /Users/jaisonoh/WebstormProjects/speecher1.5/speecher/speecherServer/node_modules/strip-bom/package.json
384 verbose installManyTop reading scoped package data from /Users/jaisonoh/WebstormProjects/speecher1.5/speecher/speecherServer/node_modules/strip-indent/package.json
385 verbose installManyTop reading scoped package data from /Users/jaisonoh/WebstormProjects/speecher1.5/speecher/speecherServer/node_modules/strip-json-comments/package.json
386 verbose installManyTop reading scoped package data from /Users/jaisonoh/WebstormProjects/speecher1.5/speecher/speecherServer/node_modules/success-symbol/package.json
387 verbose installManyTop reading scoped package data from /Users/jaisonoh/WebstormProjects/speecher1.5/speecher/speecherServer/node_modules/supports-color/package.json
388 verbose installManyTop reading scoped package data from /Users/jaisonoh/WebstormProjects/speecher1.5/speecher/speecherServer/node_modules/sylvester/package.json
389 verbose installManyTop reading scoped package data from /Users/jaisonoh/WebstormProjects/speecher1.5/speecher/speecherServer/node_modules/text-table/package.json
390 verbose installManyTop reading scoped package data from /Users/jaisonoh/WebstormProjects/speecher1.5/speecher/speecherServer/node_modules/time-grunt/package.json
391 verbose installManyTop reading scoped package data from /Users/jaisonoh/WebstormProjects/speecher1.5/speecher/speecherServer/node_modules/tiny-lr-fork/package.json
392 verbose installManyTop reading scoped package data from /Users/jaisonoh/WebstormProjects/speecher1.5/speecher/speecherServer/node_modules/to-array/package.json
393 verbose installManyTop reading scoped package data from /Users/jaisonoh/WebstormProjects/speecher1.5/speecher/speecherServer/node_modules/tough-cookie/package.json
394 verbose installManyTop reading scoped package data from /Users/jaisonoh/WebstormProjects/speecher1.5/speecher/speecherServer/node_modules/transformers/package.json
395 verbose installManyTop reading scoped package data from /Users/jaisonoh/WebstormProjects/speecher1.5/speecher/speecherServer/node_modules/trim-newlines/package.json
396 verbose installManyTop reading scoped package data from /Users/jaisonoh/WebstormProjects/speecher1.5/speecher/speecherServer/node_modules/tunnel-agent/package.json
397 verbose installManyTop reading scoped package data from /Users/jaisonoh/WebstormProjects/speecher1.5/speecher/speecherServer/node_modules/type-check/package.json
398 verbose installManyTop reading scoped package data from /Users/jaisonoh/WebstormProjects/speecher1.5/speecher/speecherServer/node_modules/type-is/package.json
399 verbose installManyTop reading scoped package data from /Users/jaisonoh/WebstormProjects/speecher1.5/speecher/speecherServer/node_modules/uglify-js/package.json
400 verbose installManyTop reading scoped package data from /Users/jaisonoh/WebstormProjects/speecher1.5/speecher/speecherServer/node_modules/uglify-to-browserify/package.json
401 verbose installManyTop reading scoped package data from /Users/jaisonoh/WebstormProjects/speecher1.5/speecher/speecherServer/node_modules/uid-safe/package.json
402 verbose installManyTop reading scoped package data from /Users/jaisonoh/WebstormProjects/speecher1.5/speecher/speecherServer/node_modules/ultron/package.json
403 verbose installManyTop reading scoped package data from /Users/jaisonoh/WebstormProjects/speecher1.5/speecher/speecherServer/node_modules/underscore/package.json
404 verbose installManyTop reading scoped package data from /Users/jaisonoh/WebstormProjects/speecher1.5/speecher/speecherServer/node_modules/underscore.string/package.json
405 verbose installManyTop reading scoped package data from /Users/jaisonoh/WebstormProjects/speecher1.5/speecher/speecherServer/node_modules/unirest/package.json
406 verbose installManyTop reading scoped package data from /Users/jaisonoh/WebstormProjects/speecher1.5/speecher/speecherServer/node_modules/unpipe/package.json
407 verbose installManyTop reading scoped package data from /Users/jaisonoh/WebstormProjects/speecher1.5/speecher/speecherServer/node_modules/useragent/package.json
408 verbose installManyTop reading scoped package data from /Users/jaisonoh/WebstormProjects/speecher1.5/speecher/speecherServer/node_modules/utf-8-validate/package.json
409 verbose installManyTop reading scoped package data from /Users/jaisonoh/WebstormProjects/speecher1.5/speecher/speecherServer/node_modules/utf8/package.json
410 verbose installManyTop reading scoped package data from /Users/jaisonoh/WebstormProjects/speecher1.5/speecher/speecherServer/node_modules/util/package.json
411 verbose installManyTop reading scoped package data from /Users/jaisonoh/WebstormProjects/speecher1.5/speecher/speecherServer/node_modules/util-deprecate/package.json
412 verbose installManyTop reading scoped package data from /Users/jaisonoh/WebstormProjects/speecher1.5/speecher/speecherServer/node_modules/utils-merge/package.json
413 verbose installManyTop reading scoped package data from /Users/jaisonoh/WebstormProjects/speecher1.5/speecher/speecherServer/node_modules/validate-npm-package-license/package.json
414 verbose installManyTop reading scoped package data from /Users/jaisonoh/WebstormProjects/speecher1.5/speecher/speecherServer/node_modules/vary/package.json
415 verbose installManyTop reading scoped package data from /Users/jaisonoh/WebstormProjects/speecher1.5/speecher/speecherServer/node_modules/void-elements/package.json
416 verbose installManyTop reading scoped package data from /Users/jaisonoh/WebstormProjects/speecher1.5/speecher/speecherServer/node_modules/which/package.json
417 verbose installManyTop reading scoped package data from /Users/jaisonoh/WebstormProjects/speecher1.5/speecher/speecherServer/node_modules/window-size/package.json
418 verbose installManyTop reading scoped package data from /Users/jaisonoh/WebstormProjects/speecher1.5/speecher/speecherServer/node_modules/with/package.json
419 verbose installManyTop reading scoped package data from /Users/jaisonoh/WebstormProjects/speecher1.5/speecher/speecherServer/node_modules/wordwrap/package.json
420 verbose installManyTop reading scoped package data from /Users/jaisonoh/WebstormProjects/speecher1.5/speecher/speecherServer/node_modules/wrappy/package.json
421 verbose installManyTop reading scoped package data from /Users/jaisonoh/WebstormProjects/speecher1.5/speecher/speecherServer/node_modules/ws/package.json
422 verbose installManyTop reading scoped package data from /Users/jaisonoh/WebstormProjects/speecher1.5/speecher/speecherServer/node_modules/xmlhttprequest/package.json
423 verbose installManyTop reading scoped package data from /Users/jaisonoh/WebstormProjects/speecher1.5/speecher/speecherServer/node_modules/xtend/package.json
424 verbose installManyTop reading scoped package data from /Users/jaisonoh/WebstormProjects/speecher1.5/speecher/speecherServer/node_modules/yargs/package.json
425 info package.json dom-serializer@0.1.0 No README data
426 info package.json exit@0.1.2 No license field.
427 info package.json getobject@0.1.0 No license field.
428 info package.json globule@0.1.0 No license field.
429 info package.json is-utf8@0.2.0 license should be a valid SPDX license expression
430 info package.json noptify@0.0.3 No license field.
431 info package.json object-component@0.0.3 No repository field.
432 info package.json object-component@0.0.3 No license field.
433 info package.json parsejson@0.0.1 No repository field.
434 info package.json parsejson@0.0.1 No README data
435 info package.json parseqs@0.0.2 No repository field.
436 info package.json parseqs@0.0.2 No README data
437 info package.json parseuri@0.0.2 No repository field.
438 info package.json parseuri@0.0.2 No README data
439 info package.json to-array@0.1.3 No license field.
440 info package.json xmlhttprequest@1.5.0 No license field.
441 info package.json after@0.8.1 No license field.
442 info package.json ansi-wrap@0.1.0 license should be a valid SPDX license expression
443 info package.json arr-flatten@1.0.1 license should be a valid SPDX license expression
444 info package.json array-slice@0.2.3 license should be a valid SPDX license expression
445 info package.json array-unique@0.2.1 license should be a valid SPDX license expression
446 info package.json arraybuffer.slice@0.0.6 No license field.
447 info package.json asap@1.0.0 No repository field.
448 info package.json asap@1.0.0 No license field.
449 info package.json asn1@0.1.11 No license field.
450 info package.json assert@1.3.0 assert is also the name of a node core module.
451 info package.json assert-plus@0.1.5 No license field.
452 info package.json async@0.1.22 No license field.
453 info package.json aws-sign2@0.5.0 No license field.
454 info package.json base64-arraybuffer@0.1.2 No license field.
455 info package.json base64id@0.1.0 No license field.
456 info package.json batch@0.5.3 No license field.
457 info package.json benchmark@1.0.0 No license field.
458 info package.json better-assert@1.0.2 No license field.
459 info package.json blanket@1.1.6 No license field.
460 info package.json blob@0.0.4 No license field.
461 info package.json boom@0.4.2 No license field.
462 info package.json callsite@1.0.0 No repository field.
463 info package.json callsite@1.0.0 No license field.
464 info package.json caseless@0.9.0 license should be a valid SPDX license expression
465 info package.json cli@0.6.6 No license field.
466 info package.json coffee-script@1.3.3 bugs['name'] should probably be bugs['url'].
467 info package.json coffee-script@1.3.3 No license field.
468 info package.json colors@0.6.2 No license field.
469 info package.json combined-stream@0.0.7 No license field.
470 info package.json commander@2.3.0 No license field.
471 info package.json component-bind@1.0.0 No license field.
472 info package.json component-emitter@1.1.2 No license field.
473 info package.json component-inherit@0.0.3 No license field.
474 info package.json console-browserify@1.1.0 No license field.
475 info package.json coveralls@2.11.2 license should be a valid SPDX license expression
476 info package.json cryptiles@0.2.2 No license field.
477 info package.json css@1.0.8 No repository field.
478 info package.json css@1.0.8 No license field.
479 info package.json css-parse@1.0.4 No repository field.
480 info package.json css-parse@1.0.4 No license field.
481 info package.json css-stringify@1.0.5 No repository field.
482 info package.json css-stringify@1.0.5 No license field.
483 info package.json ctype@0.5.3 No license field.
484 info package.json date-now@0.1.4 No license field.
485 info package.json dateformat@1.0.2-1.2.3 No repository field.
486 info package.json dateformat@1.0.2-1.2.3 No license field.
487 info package.json deep-is@0.1.3 license should be a valid SPDX license expression
488 info package.json delayed-stream@0.0.5 No license field.
489 info package.json diff@1.4.0 No license field.
490 info package.json domelementtype@1.3.0 No license field.
491 info package.json domhandler@2.3.0 No license field.
492 info package.json domutils@1.5.1 No license field.
493 info package.json engine.io@1.5.4 No license field.
494 info package.json engine.io-client@1.5.4 No license field.
495 info package.json engine.io-parser@1.2.2 No license field.
496 info package.json entities@1.0.0 license should be a valid SPDX license expression
497 info package.json esprima@1.0.4 No license field.
498 info package.json estraverse@1.9.3 No license field.
499 info package.json esutils@2.0.2 No license field.
500 info package.json expand-braces@0.1.1 No license field.
501 info package.json expand-range@1.8.1 license should be a valid SPDX license expression
502 info package.json faye-websocket@0.4.4 'repositories' (plural) Not supported. Please pick one as the 'repository' field
503 info package.json faye-websocket@0.4.4 No license field.
504 info package.json filename-regex@2.0.0 license should be a valid SPDX license expression
505 info package.json fileset@0.2.1 No license field.
506 info package.json fill-range@2.2.2 license should be a valid SPDX license expression
507 info package.json findup-sync@0.1.3 No license field.
508 info package.json for-in@0.1.4 license should be a valid SPDX license expression
509 info package.json for-own@0.1.3 license should be a valid SPDX license expression
510 info package.json forever-agent@0.5.2 No license field.
511 info package.json form-data@0.1.4 No license field.
512 info package.json fs-extra@0.3.2 homepage field must be a string url. Deleted.
513 info package.json fs-extra@0.3.2 No license field.
514 info package.json gaze@0.5.2 No license field.
515 info package.json glob@3.1.21 license should be a valid SPDX license expression
516 info package.json glob-base@0.3.0 license should be a valid SPDX license expression
517 info package.json graceful-fs@1.2.3 license should be a valid SPDX license expression
518 info package.json growl@1.8.1 No license field.
519 info package.json grunt@0.4.5 No license field.
520 info package.json grunt-contrib-watch@0.6.1 No license field.
521 info package.json grunt-develop@0.4.0 No license field.
522 info package.json grunt-legacy-log@0.1.2 No license field.
523 info package.json grunt-legacy-log-utils@0.1.1 No license field.
524 info package.json grunt-legacy-util@0.2.0 No license field.
525 info package.json grunt-mocha-cov@0.4.0 No license field.
526 info package.json grunt-plato@1.2.1 No license field.
527 info package.json grunt-sloccount@0.1.1 No license field.
528 info package.json has-binary@0.1.6 No repository field.
529 info package.json has-binary-data@0.1.3 No repository field.
530 info package.json hawk@1.1.1 No license field.
531 info package.json hoek@0.9.1 No license field.
532 info package.json hooker@0.2.3 No license field.
533 info package.json hooks-fixed@1.1.0 No license field.
534 info package.json indexof@0.0.1 No repository field.
535 info package.json indexof@0.0.1 No license field.
536 info package.json is-absolute@0.1.7 license should be a valid SPDX license expression
537 info package.json is-number@1.1.2 license should be a valid SPDX license expression
538 info package.json is-primitive@2.0.0 license should be a valid SPDX license expression
539 info package.json is-relative@0.1.3 No license field.
540 info package.json isobject@1.0.2 license should be a valid SPDX license expression
541 info package.json js-yaml@2.0.5 license should be a valid SPDX license expression
542 info package.json json3@3.2.6 No license field.
543 info package.json jsonfile@0.0.1 homepage field must be a string url. Deleted.
544 info package.json jsonfile@0.0.1 No license field.
545 info package.json kareem@1.0.1 license should be a valid SPDX license expression
546 info package.json kerberos@0.0.16 license should be a valid SPDX license expression
547 info package.json kind-of@1.1.0 license should be a valid SPDX license expression
548 info package.json lcov-parse@0.0.9 No license field.
549 info package.json levn@0.2.5 No license field.
550 info package.json log-driver@1.2.4 No license field.
551 info package.json mime@1.3.4 No license field.
552 info package.json minimatch@0.2.14 license should be a valid SPDX license expression
553 info package.json mocha-lcov-reporter@0.0.2 No license field.
554 info package.json mongodb-core@1.2.19 license should be a valid SPDX license expression
555 info package.json ms@0.7.1 No license field.
556 info package.json natural@0.2.1 No license field.
557 info package.json node-uuid@1.4.3 No license field.
558 info package.json nopt@1.0.10 license should be a valid SPDX license expression
559 info package.json oauth-sign@0.3.0 No license field.
560 info package.json object.omit@1.1.0 license should be a valid SPDX license expression
561 info package.json optimist@0.3.7 license should be a valid SPDX license expression
562 info package.json optionator@0.5.0 No license field.
563 info package.json options@0.0.6 No license field.
564 info package.json plato@1.2.2 No license field.
565 info package.json posix-getopt@1.0.0 No repository field.
566 info package.json posix-getopt@1.0.0 No license field.
567 info package.json prelude-ls@1.1.2 No license field.
568 info package.json preserve@0.2.0 license should be a valid SPDX license expression
569 info package.json randomatic@1.1.0 license should be a valid SPDX license expression
570 info package.json regex-cache@0.4.2 license should be a valid SPDX license expression
571 info package.json repeat-element@1.1.2 license should be a valid SPDX license expression
572 info package.json repeat-string@1.5.2 license should be a valid SPDX license expression
573 info package.json rimraf@2.2.8 license should be a valid SPDX license expression
574 info package.json shelljs@0.3.0 license should be a valid SPDX license expression
575 info package.json sloc@0.0.8 No license field.
576 info package.json sntp@0.2.4 No license field.
577 info package.json socket.io@1.3.7 No license field.
578 info package.json socket.io-adapter@0.3.1 No license field.
579 info package.json string_decoder@0.10.31 string_decoder is also the name of a node core module.
580 info package.json sylvester@0.0.21 No repository field.
581 info package.json sylvester@0.0.21 No license field.
582 info package.json tiny-lr-fork@0.0.5 No license field.
583 info package.json tunnel-agent@0.4.1 No license field.
584 info package.json type-check@0.3.1 No license field.
585 info package.json underscore@1.7.0 No license field.
586 info package.json underscore.string@2.2.1 No license field.
587 info package.json useragent@2.1.7 license should be a valid SPDX license expression
588 info package.json util@0.10.3 util is also the name of a node core module.
589 info package.json utils-merge@1.0.0 No license field.
590 info package.json window-size@0.1.0 No license field.
591 info package.json xtend@2.1.2 No license field.
592 info package.json yargs@3.5.4 license should be a valid SPDX license expression
593 verbose readDependencies loading dependencies from /Users/jaisonoh/WebstormProjects/speecher1.5/speecher/speecherServer/package.json
594 silly cache add args [ 'mocha-cli', null ]
595 verbose cache add spec mocha-cli
596 silly cache add parsed spec { raw: 'mocha-cli',
596 silly cache add   scope: null,
596 silly cache add   name: 'mocha-cli',
596 silly cache add   rawSpec: '',
596 silly cache add   spec: '*',
596 silly cache add   type: 'range' }
597 silly addNamed mocha-cli@*
598 verbose addNamed "*" is a valid semver range for mocha-cli
599 silly addNameRange { name: 'mocha-cli', range: '*', hasData: false }
600 silly mapToRegistry name mocha-cli
601 silly mapToRegistry using default registry
602 silly mapToRegistry registry https://registry.npmjs.org/
603 silly mapToRegistry uri https://registry.npmjs.org/mocha-cli
604 verbose addNameRange registry:https://registry.npmjs.org/mocha-cli not in flight; fetching
605 verbose request uri https://registry.npmjs.org/mocha-cli
606 verbose request no auth needed
607 info attempt registry request try #1 at 1:59:14 AM
608 verbose request id 6cd2f25151c5547c
609 http request GET https://registry.npmjs.org/mocha-cli
610 http 404 https://registry.npmjs.org/mocha-cli
611 verbose headers { 'content-type': 'application/json',
611 verbose headers   'cache-control': 'max-age=0',
611 verbose headers   'content-length': '2',
611 verbose headers   'accept-ranges': 'bytes',
611 verbose headers   date: 'Sat, 07 Nov 2015 16:59:17 GMT',
611 verbose headers   via: '1.1 varnish',
611 verbose headers   age: '0',
611 verbose headers   connection: 'keep-alive',
611 verbose headers   'x-served-by': 'cache-hkg6823-HKG',
611 verbose headers   'x-cache': 'MISS',
611 verbose headers   'x-cache-hits': '0',
611 verbose headers   'x-timer': 'S1446915556.859925,VS0,VE233' }
612 silly get cb [ 404,
612 silly get   { 'content-type': 'application/json',
612 silly get     'cache-control': 'max-age=0',
612 silly get     'content-length': '2',
612 silly get     'accept-ranges': 'bytes',
612 silly get     date: 'Sat, 07 Nov 2015 16:59:17 GMT',
612 silly get     via: '1.1 varnish',
612 silly get     age: '0',
612 silly get     connection: 'keep-alive',
612 silly get     'x-served-by': 'cache-hkg6823-HKG',
612 silly get     'x-cache': 'MISS',
612 silly get     'x-cache-hits': '0',
612 silly get     'x-timer': 'S1446915556.859925,VS0,VE233' } ]
613 verbose stack Error: Registry returned 404 for GET on https://registry.npmjs.org/mocha-cli
613 verbose stack     at CachingRegistryClient.<anonymous> (/usr/local/lib/node_modules/npm/node_modules/npm-registry-client/lib/request.js:239:14)
613 verbose stack     at Request._callback (/usr/local/lib/node_modules/npm/node_modules/npm-registry-client/lib/request.js:170:14)
613 verbose stack     at Request.self.callback (/usr/local/lib/node_modules/npm/node_modules/request/request.js:354:22)
613 verbose stack     at Request.emit (events.js:110:17)
613 verbose stack     at Request.<anonymous> (/usr/local/lib/node_modules/npm/node_modules/request/request.js:1207:14)
613 verbose stack     at Request.emit (events.js:129:20)
613 verbose stack     at IncomingMessage.<anonymous> (/usr/local/lib/node_modules/npm/node_modules/request/request.js:1153:12)
613 verbose stack     at IncomingMessage.emit (events.js:129:20)
613 verbose stack     at _stream_readable.js:908:16
613 verbose stack     at process._tickCallback (node.js:355:11)
614 verbose statusCode 404
615 verbose pkgid mocha-cli
616 verbose cwd /Users/jaisonoh/WebstormProjects/speecher1.5/speecher/speecherServer
617 error Darwin 14.4.0
618 error argv "node" "/usr/local/bin/npm" "install" "mocha-cli" "--save"
619 error node v0.12.6
620 error npm  v2.11.2
621 error code E404
622 error 404 Registry returned 404 for GET on https://registry.npmjs.org/mocha-cli
622 error 404
622 error 404 'mocha-cli' is not in the npm registry.
622 error 404 You should bug the author to publish it (or use the name yourself!)
622 error 404 It was specified as a dependency of 'speecherserver'
622 error 404
622 error 404 Note that you can also install from a
622 error 404 tarball, folder, http url, or git url.
623 verbose exit [ 1, true ]
